<?xml version="1.0" encoding="UTF-8"?>
<!-- Generated by org.testng.reporters.JUnitReportReporter -->
<testsuite hostname="LAPTOP-RQ5ADVUS" failures="0" tests="3" name="xyzBank.myTestCases" time="14.673" errors="0" timestamp="2024-02-01T07:13:16 EET" skipped="0">
  <testcase classname="xyzBank.myTestCases" name="signup" time="5.985"/>
  <system-out/>
  <testcase classname="xyzBank.myTestCases" name="addCustomer" time="4.405"/>
  <system-out/>
  <testcase classname="xyzBank.myTestCases" name="deleteCutomer" time="4.283"/>
  <system-out/>
</testsuite> <!-- xyzBank.myTestCases -->
